<?xml version="1.0" encoding="UTF-8"?>
<!-- Generated by org.testng.reporters.JUnitReportReporter -->
<testsuite skipped="0" hostname="HP" name="SauceDemo.TestScript.Loginpage" tests="1" failures="0" timestamp="2020-10-28T08:18:53 IST" time="7.974" errors="0">
  <testcase name="Validlogin" time="7.974" classname="SauceDemo.TestScript.Loginpage"/>
</testsuite> <!-- SauceDemo.TestScript.Loginpage -->
