<?xml version="1.0" encoding="UTF-8"?>
<!-- Generated by org.testng.reporters.JUnitReportReporter -->
<testsuite skipped="0" hostname="HP" name="SauceDemo.TestScript.Loginpage" tests="1" failures="0" timestamp="2020-10-28T08:26:02 IST" time="8.922" errors="0">
  <testcase name="Validlogin" time="8.922" classname="SauceDemo.TestScript.Loginpage"/>
  <system-out/>
</testsuite> <!-- SauceDemo.TestScript.Loginpage -->
